2026-01-21 10:22:24,845 - INFO - [31m[1mWARNING: This is a development server. Do not use it in a production deployment. Use a production WSGI server instead.[0m
 * Running on http://127.0.0.1:5000
2026-01-21 10:22:24,845 - INFO - [33mPress CTRL+C to quit[0m
2026-01-21 10:22:24,845 - INFO -  * Restarting with stat
2026-01-21 10:22:25,178 - WARNING -  * Debugger is active!
2026-01-21 10:22:25,193 - INFO -  * Debugger PIN: 366-898-728
2026-01-21 10:26:36,137 - INFO - [31m[1mWARNING: This is a development server. Do not use it in a production deployment. Use a production WSGI server instead.[0m
 * Running on http://127.0.0.1:5000
2026-01-21 10:26:36,137 - INFO - [33mPress CTRL+C to quit[0m
2026-01-21 10:26:36,138 - INFO -  * Restarting with stat
2026-01-21 10:26:36,459 - WARNING -  * Debugger is active!
2026-01-21 10:26:36,474 - INFO -  * Debugger PIN: 981-095-682
2026-01-21 10:26:52,465 - INFO - File uploaded: test.log
2026-01-21 10:26:52,467 - WARNING - Skipped malformed log line
2026-01-21 10:26:52,467 - INFO - Parsed logs: 2, Skipped: 1
2026-01-21 10:26:52,500 - INFO - 127.0.0.1 - - [21/Jan/2026 10:26:52] "POST /api/upload HTTP/1.1" 200 -
2026-01-21 10:32:03,934 - INFO - [31m[1mWARNING: This is a development server. Do not use it in a production deployment. Use a production WSGI server instead.[0m
 * Running on http://127.0.0.1:5000
2026-01-21 10:32:03,934 - INFO - [33mPress CTRL+C to quit[0m
2026-01-21 10:32:03,935 - INFO -  * Restarting with stat
2026-01-21 10:32:04,264 - WARNING -  * Debugger is active!
2026-01-21 10:32:04,287 - INFO -  * Debugger PIN: 366-898-728
2026-01-21 10:40:04,317 - INFO - File uploaded: test.log
2026-01-21 10:40:04,319 - WARNING - Skipped malformed log line
2026-01-21 10:40:04,319 - INFO - Parsed logs: 2, Skipped: 1
2026-01-21 10:40:04,366 - INFO - 127.0.0.1 - - [21/Jan/2026 10:40:04] "POST /api/upload HTTP/1.1" 200 -
2026-01-21 10:42:23,722 - INFO - [31m[1mWARNING: This is a development server. Do not use it in a production deployment. Use a production WSGI server instead.[0m
 * Running on http://127.0.0.1:5000
2026-01-21 10:42:23,722 - INFO - [33mPress CTRL+C to quit[0m
2026-01-21 10:42:23,723 - INFO -  * Restarting with stat
2026-01-21 10:42:24,047 - WARNING -  * Debugger is active!
2026-01-21 10:42:24,061 - INFO -  * Debugger PIN: 366-898-728
2026-01-21 10:43:42,973 - INFO - File uploaded: test.log
2026-01-21 10:43:42,975 - WARNING - Skipped malformed log line
2026-01-21 10:43:42,975 - INFO - Parsed logs: 2, Skipped: 1
2026-01-21 10:43:43,009 - INFO - 127.0.0.1 - - [21/Jan/2026 10:43:43] "POST /api/upload HTTP/1.1" 200 -
2026-01-21 10:43:57,847 - INFO - File uploaded: test.log
2026-01-21 10:43:57,847 - WARNING - Skipped malformed log line
2026-01-21 10:43:57,847 - INFO - Parsed logs: 2, Skipped: 1
2026-01-21 10:43:57,879 - INFO - 127.0.0.1 - - [21/Jan/2026 10:43:57] "POST /api/upload HTTP/1.1" 200 -
2026-01-21 10:45:59,312 - INFO - File uploaded: test.log
2026-01-21 10:45:59,313 - WARNING - Skipped malformed log line
2026-01-21 10:45:59,313 - INFO - Parsed logs: 2, Skipped: 1
2026-01-21 10:45:59,346 - INFO - 127.0.0.1 - - [21/Jan/2026 10:45:59] "POST /api/upload HTTP/1.1" 200 -
2026-01-21 10:49:51,104 - INFO - [31m[1mWARNING: This is a development server. Do not use it in a production deployment. Use a production WSGI server instead.[0m
 * Running on http://127.0.0.1:5000
2026-01-21 10:49:51,104 - INFO - [33mPress CTRL+C to quit[0m
2026-01-21 10:49:51,105 - INFO -  * Restarting with stat
2026-01-21 10:49:51,381 - WARNING -  * Debugger is active!
2026-01-21 10:49:51,398 - INFO -  * Debugger PIN: 366-898-728
2026-01-21 10:50:47,350 - INFO - File uploaded: test.log
2026-01-21 10:50:47,352 - WARNING - Skipped malformed log line
2026-01-21 10:50:47,352 - INFO - Parsed logs: 2, Skipped: 1
2026-01-21 10:50:47,385 - INFO - 127.0.0.1 - - [21/Jan/2026 10:50:47] "POST /api/upload HTTP/1.1" 200 -
2026-01-21 10:52:27,639 - INFO - File uploaded: test.log
2026-01-21 10:52:27,640 - WARNING - Skipped malformed log line
2026-01-21 10:52:27,640 - INFO - Parsed logs: 2, Skipped: 1
2026-01-21 10:52:27,675 - INFO - 127.0.0.1 - - [21/Jan/2026 10:52:27] "POST /api/upload HTTP/1.1" 200 -
2026-01-21 10:54:03,805 - INFO - File uploaded: test.log
2026-01-21 10:54:03,806 - WARNING - Skipped malformed log line
2026-01-21 10:54:03,806 - INFO - Parsed logs: 2, Skipped: 1
2026-01-21 10:54:03,841 - INFO - 127.0.0.1 - - [21/Jan/2026 10:54:03] "POST /api/upload HTTP/1.1" 200 -
2026-01-21 10:56:20,850 - INFO - File uploaded: test.log
2026-01-21 10:56:20,851 - WARNING - Skipped malformed log line
2026-01-21 10:56:20,851 - INFO - Parsed logs: 2, Skipped: 1
2026-01-21 10:56:20,884 - INFO - 127.0.0.1 - - [21/Jan/2026 10:56:20] "POST /api/upload HTTP/1.1" 200 -
2026-01-21 11:00:18,787 - INFO - File uploaded: test.log
2026-01-21 11:00:18,788 - WARNING - Skipped malformed log line
2026-01-21 11:00:18,788 - INFO - Parsed logs: 2, Skipped: 1
2026-01-21 11:00:18,821 - INFO - 127.0.0.1 - - [21/Jan/2026 11:00:18] "POST /api/upload HTTP/1.1" 200 -
2026-01-21 11:04:36,189 - INFO - File uploaded: test.log
2026-01-21 11:04:36,190 - WARNING - Skipped malformed log line
2026-01-21 11:04:36,190 - INFO - Parsed logs: 2, Skipped: 1
2026-01-21 11:04:36,222 - INFO - 127.0.0.1 - - [21/Jan/2026 11:04:36] "POST /api/upload HTTP/1.1" 200 -
2026-01-21 11:08:31,736 - INFO - File uploaded: test.log
2026-01-21 11:08:31,737 - WARNING - Skipped malformed log line
2026-01-21 11:08:31,737 - INFO - Parsed logs: 2, Skipped: 1
2026-01-21 11:08:31,775 - INFO - 127.0.0.1 - - [21/Jan/2026 11:08:31] "POST /api/upload HTTP/1.1" 200 -
2026-01-21 11:15:12,027 - INFO -  * Detected change in '/Users/palthyashreemohanchandranaik/loginsight-pro/backend/app/services/analysis.py', reloading
2026-01-21 11:15:12,177 - INFO -  * Restarting with stat
2026-01-21 11:15:12,748 - WARNING -  * Debugger is active!
2026-01-21 11:15:12,763 - INFO -  * Debugger PIN: 366-898-728
2026-01-21 11:15:13,793 - INFO -  * Detected change in '/Users/palthyashreemohanchandranaik/loginsight-pro/backend/app/services/analysis.py', reloading
2026-01-21 11:15:13,873 - INFO -  * Restarting with stat
2026-01-21 11:15:14,215 - WARNING -  * Debugger is active!
2026-01-21 11:15:14,225 - INFO -  * Debugger PIN: 366-898-728
2026-01-21 11:15:24,397 - INFO -  * Detected change in '/Users/palthyashreemohanchandranaik/loginsight-pro/backend/app/services/analysis.py', reloading
2026-01-21 11:15:24,513 - INFO -  * Restarting with stat
2026-01-21 11:15:24,994 - WARNING -  * Debugger is active!
2026-01-21 11:15:25,004 - INFO -  * Debugger PIN: 366-898-728
2026-01-21 11:15:49,058 - INFO - [31m[1mWARNING: This is a development server. Do not use it in a production deployment. Use a production WSGI server instead.[0m
 * Running on http://127.0.0.1:5000
2026-01-21 11:15:49,058 - INFO - [33mPress CTRL+C to quit[0m
2026-01-21 11:15:49,058 - INFO -  * Restarting with stat
2026-01-21 11:15:49,322 - WARNING -  * Debugger is active!
2026-01-21 11:15:49,333 - INFO -  * Debugger PIN: 366-898-728
2026-01-21 11:17:12,874 - INFO -  * Detected change in '/Users/palthyashreemohanchandranaik/loginsight-pro/backend/app/services/analysis.py', reloading
2026-01-21 11:17:12,972 - INFO -  * Restarting with stat
2026-01-21 11:17:13,407 - WARNING -  * Debugger is active!
2026-01-21 11:17:13,421 - INFO -  * Debugger PIN: 366-898-728
2026-01-21 11:23:36,866 - INFO - File uploaded: test.log
2026-01-21 11:23:36,868 - WARNING - Skipped malformed log line
2026-01-21 11:23:36,868 - INFO - Parsed logs: 2, Skipped: 1
2026-01-21 11:23:36,908 - INFO - 127.0.0.1 - - [21/Jan/2026 11:23:36] "POST /api/upload HTTP/1.1" 200 -
2026-01-21 11:33:44,924 - INFO - File uploaded: test.log
2026-01-21 11:33:44,926 - WARNING - Skipped malformed log line
2026-01-21 11:33:44,926 - INFO - Parsed logs: 2, Skipped: 1
2026-01-21 11:33:44,963 - INFO - 127.0.0.1 - - [21/Jan/2026 11:33:44] "POST /api/upload HTTP/1.1" 200 -
2026-01-21 11:42:26,426 - INFO - File uploaded: test.log
2026-01-21 11:42:26,428 - WARNING - Skipped malformed log line
2026-01-21 11:42:26,428 - INFO - Parsed logs: 2, Skipped: 1
2026-01-21 11:42:26,466 - INFO - 127.0.0.1 - - [21/Jan/2026 11:42:26] "POST /api/upload HTTP/1.1" 200 -
2026-01-21 12:12:03,683 - INFO - File uploaded: test.log
2026-01-21 12:12:03,684 - WARNING - Skipped malformed log line
2026-01-21 12:12:03,684 - INFO - Parsed logs: 2, Skipped: 1
2026-01-21 12:12:03,722 - INFO - 127.0.0.1 - - [21/Jan/2026 12:12:03] "POST /api/upload HTTP/1.1" 200 -
2026-01-21 12:13:57,405 - INFO - File uploaded: test.log
2026-01-21 12:13:57,406 - WARNING - Skipped malformed log line
2026-01-21 12:13:57,406 - INFO - Parsed logs: 2, Skipped: 1
2026-01-21 12:13:57,445 - INFO - 127.0.0.1 - - [21/Jan/2026 12:13:57] "POST /api/upload HTTP/1.1" 200 -
2026-01-21 12:34:44,915 - INFO - [31m[1mWARNING: This is a development server. Do not use it in a production deployment. Use a production WSGI server instead.[0m
 * Running on http://127.0.0.1:5000
2026-01-21 12:34:44,915 - INFO - [33mPress CTRL+C to quit[0m
2026-01-21 12:34:44,915 - INFO -  * Restarting with stat
2026-01-21 12:34:45,233 - WARNING -  * Debugger is active!
2026-01-21 12:34:45,252 - INFO -  * Debugger PIN: 981-095-682
2026-01-21 12:48:30,868 - INFO - File uploaded: test.log
2026-01-21 12:48:30,871 - WARNING - Skipped malformed log line
2026-01-21 12:48:30,871 - INFO - Parsed logs: 2, Skipped: 1
2026-01-21 12:48:30,910 - INFO - 127.0.0.1 - - [21/Jan/2026 12:48:30] "POST /api/upload HTTP/1.1" 200 -
2026-01-21 12:50:13,499 - INFO - File uploaded: test.log
2026-01-21 12:50:13,501 - WARNING - Skipped malformed log line
2026-01-21 12:50:13,501 - INFO - Parsed logs: 2, Skipped: 1
2026-01-21 12:50:13,550 - INFO - 127.0.0.1 - - [21/Jan/2026 12:50:13] "POST /api/upload HTTP/1.1" 200 -
2026-01-21 12:53:35,756 - INFO - File uploaded: test.log
2026-01-21 12:53:35,758 - WARNING - Skipped malformed log line
2026-01-21 12:53:35,758 - INFO - Parsed logs: 2, Skipped: 1
2026-01-21 12:53:35,793 - INFO - 127.0.0.1 - - [21/Jan/2026 12:53:35] "POST /api/upload HTTP/1.1" 200 -
2026-01-21 12:54:06,731 - INFO - File uploaded: test.log
2026-01-21 12:54:06,731 - WARNING - Skipped malformed log line
2026-01-21 12:54:06,731 - INFO - Parsed logs: 2, Skipped: 1
2026-01-21 12:54:06,740 - INFO - 127.0.0.1 - - [21/Jan/2026 12:54:06] "POST /api/upload HTTP/1.1" 200 -
